[2020-09-03 08:05:36,835] I kiwoom.py | Kiwoom-__init__-0017 I DEBUG    > Kiwoom() class start.
[2020-09-03 08:06:06,875] I kiwoom.py | Kiwoom-login_slot-0101 I DEBUG    > 정상처리
[2020-09-03 08:06:06,875] I kiwoom.py | Kiwoom-get_account_info-0113 I DEBUG    > 계좌번호 : 8143589511
[2020-09-03 08:06:06,922] I kiwoom.py | Kiwoom-msg_slot-0815 I DEBUG    > 스크린: 2000, 요청이름: 예수금상세현황요청, tr코드: opw00001 --- [00Z310] 모의투자 조회가 완료되었습니다
[2020-09-03 08:06:06,922] I kiwoom.py | Kiwoom-trdata_slot-0168 I DEBUG    > 예수금 : 10000000
[2020-09-03 08:06:07,703] I kiwoom.py | Kiwoom-msg_slot-0815 I DEBUG    > 스크린: 2000, 요청이름: 계좌평가잔고내역요청, tr코드: opw00018 --- [00Z310] 모의투자 조회가 완료되었습니다
[2020-09-03 08:06:07,703] I kiwoom.py | Kiwoom-trdata_slot-0187 I DEBUG    > 계좌평가잔고내역요청 싱글데이터 : 000000000000000 - 000000000000000 - 000000000.00
[2020-09-03 08:06:07,703] I kiwoom.py | Kiwoom-trdata_slot-0235 I DEBUG    > sPreNext : 
[2020-09-03 08:06:12,765] I kiwoom.py | Kiwoom-msg_slot-0815 I DEBUG    > 스크린: , 요청이름: , tr코드:  ---  조회가 완료되었습니다.
[2020-09-03 22:16:12,954] I kiwoom.py | Kiwoom-__init__-0017 I DEBUG    > Kiwoom() class start.
[2020-09-03 22:16:27,638] I kiwoom.py | Kiwoom-login_slot-0101 I DEBUG    > 정상처리
[2020-09-03 22:16:27,638] I kiwoom.py | Kiwoom-get_account_info-0113 I DEBUG    > 계좌번호 : 8143589511
[2020-09-03 22:16:28,482] I kiwoom.py | Kiwoom-msg_slot-0815 I DEBUG    > 스크린: 2000, 요청이름: 예수금상세현황요청, tr코드: opw00001 --- [00Z310] 모의투자 조회가 완료되었습니다
[2020-09-03 22:16:28,482] I kiwoom.py | Kiwoom-trdata_slot-0168 I DEBUG    > 예수금 : 10000000
[2020-09-03 22:16:28,685] I kiwoom.py | Kiwoom-msg_slot-0815 I DEBUG    > 스크린: 2000, 요청이름: 계좌평가잔고내역요청, tr코드: opw00018 --- [00Z310] 모의투자 조회가 완료되었습니다
[2020-09-03 22:16:28,685] I kiwoom.py | Kiwoom-trdata_slot-0187 I DEBUG    > 계좌평가잔고내역요청 싱글데이터 : 000000000000000 - 000000000000000 - 000000000.00
[2020-09-03 22:16:28,685] I kiwoom.py | Kiwoom-trdata_slot-0235 I DEBUG    > sPreNext : 
[2020-09-03 22:16:33,747] I kiwoom.py | Kiwoom-msg_slot-0815 I DEBUG    > 스크린: , 요청이름: , tr코드:  ---  조회가 완료되었습니다.
[2020-09-03 22:21:34,380] I kiwoom.py | Kiwoom-__init__-0017 I DEBUG    > Kiwoom() class start.
[2020-09-03 22:21:37,988] I kiwoom.py | Kiwoom-login_slot-0101 I DEBUG    > 정상처리
[2020-09-03 22:21:37,988] I kiwoom.py | Kiwoom-get_account_info-0113 I DEBUG    > 계좌번호 : 8143589511
[2020-09-03 22:21:38,020] I kiwoom.py | Kiwoom-msg_slot-0815 I DEBUG    > 스크린: 2000, 요청이름: 예수금상세현황요청, tr코드: opw00001 --- [00Z310] 모의투자 조회가 완료되었습니다
[2020-09-03 22:21:38,020] I kiwoom.py | Kiwoom-trdata_slot-0168 I DEBUG    > 예수금 : 10000000
[2020-09-03 22:21:38,114] I kiwoom.py | Kiwoom-msg_slot-0815 I DEBUG    > 스크린: 2000, 요청이름: 계좌평가잔고내역요청, tr코드: opw00018 --- [00Z310] 모의투자 조회가 완료되었습니다
[2020-09-03 22:21:38,114] I kiwoom.py | Kiwoom-trdata_slot-0187 I DEBUG    > 계좌평가잔고내역요청 싱글데이터 : 000000000000000 - 000000000000000 - 000000000.00
[2020-09-03 22:21:38,114] I kiwoom.py | Kiwoom-trdata_slot-0235 I DEBUG    > sPreNext : 
[2020-09-03 22:21:43,174] I kiwoom.py | Kiwoom-msg_slot-0815 I DEBUG    > 스크린: , 요청이름: , tr코드:  ---  조회가 완료되었습니다.
[2020-09-03 22:22:06,794] I kiwoom.py | Kiwoom-__init__-0017 I DEBUG    > Kiwoom() class start.
[2020-09-03 22:22:10,309] I kiwoom.py | Kiwoom-login_slot-0101 I DEBUG    > 정상처리
[2020-09-03 22:22:10,309] I kiwoom.py | Kiwoom-get_account_info-0113 I DEBUG    > 계좌번호 : 8143589511
[2020-09-03 22:22:10,356] I kiwoom.py | Kiwoom-msg_slot-0815 I DEBUG    > 스크린: 2000, 요청이름: 예수금상세현황요청, tr코드: opw00001 --- [00Z310] 모의투자 조회가 완료되었습니다
[2020-09-03 22:22:10,356] I kiwoom.py | Kiwoom-trdata_slot-0168 I DEBUG    > 예수금 : 10000000
[2020-09-03 22:22:10,449] I kiwoom.py | Kiwoom-msg_slot-0815 I DEBUG    > 스크린: 2000, 요청이름: 계좌평가잔고내역요청, tr코드: opw00018 --- [00Z310] 모의투자 조회가 완료되었습니다
[2020-09-03 22:22:10,449] I kiwoom.py | Kiwoom-trdata_slot-0187 I DEBUG    > 계좌평가잔고내역요청 싱글데이터 : 000000000000000 - 000000000000000 - 000000000.00
[2020-09-03 22:22:10,449] I kiwoom.py | Kiwoom-trdata_slot-0235 I DEBUG    > sPreNext : 
[2020-09-03 22:22:15,511] I kiwoom.py | Kiwoom-msg_slot-0815 I DEBUG    > 스크린: , 요청이름: , tr코드:  ---  조회가 완료되었습니다.
[2020-09-03 22:28:01,355] I kiwoom.py | Kiwoom-__init__-0017 I DEBUG    > Kiwoom() class start
[2020-09-03 22:28:04,791] I kiwoom.py | Kiwoom-login_slot-0102 I DEBUG    > 정상처리
[2020-09-03 22:28:04,791] I kiwoom.py | Kiwoom-get_account_info-0114 I DEBUG    > 계좌번호 : 8143589511
[2020-09-03 22:28:04,838] I kiwoom.py | Kiwoom-msg_slot-0816 I DEBUG    > 스크린: 2000, 요청이름: 예수금상세현황요청, tr코드: opw00001 --- [00Z310] 모의투자 조회가 완료되었습니다
[2020-09-03 22:28:04,838] I kiwoom.py | Kiwoom-trdata_slot-0169 I DEBUG    > 예수금 : 10000000
[2020-09-03 22:28:04,932] I kiwoom.py | Kiwoom-msg_slot-0816 I DEBUG    > 스크린: 2000, 요청이름: 계좌평가잔고내역요청, tr코드: opw00018 --- [00Z310] 모의투자 조회가 완료되었습니다
[2020-09-03 22:28:04,932] I kiwoom.py | Kiwoom-trdata_slot-0188 I DEBUG    > 계좌평가잔고내역요청 싱글데이터 : 000000000000000 - 000000000000000 - 000000000.00
[2020-09-03 22:28:04,932] I kiwoom.py | Kiwoom-trdata_slot-0236 I DEBUG    > sPreNext : 
[2020-09-03 22:28:09,994] I kiwoom.py | Kiwoom-msg_slot-0816 I DEBUG    > 스크린: , 요청이름: , tr코드:  ---  조회가 완료되었습니다.
[2020-09-03 22:31:18,371] I kiwoom.py | Kiwoom-__init__-0017 I DEBUG    > Kiwoom() class start
[2020-09-03 22:31:21,824] I kiwoom.py | Kiwoom-login_slot-0098 I DEBUG    > 정상처리
[2020-09-03 22:31:21,824] I kiwoom.py | Kiwoom-get_account_info-0110 I DEBUG    > 계좌번호 : 8143589511
[2020-09-03 22:31:21,855] I kiwoom.py | Kiwoom-msg_slot-0812 I DEBUG    > 스크린: 2000, 요청이름: 예수금상세현황요청, tr코드: opw00001 --- [00Z310] 모의투자 조회가 완료되었습니다
[2020-09-03 22:31:21,855] I kiwoom.py | Kiwoom-trdata_slot-0165 I DEBUG    > 예수금 : 10000000
[2020-09-03 22:31:21,949] I kiwoom.py | Kiwoom-msg_slot-0812 I DEBUG    > 스크린: 2000, 요청이름: 계좌평가잔고내역요청, tr코드: opw00018 --- [00Z310] 모의투자 조회가 완료되었습니다
[2020-09-03 22:31:21,949] I kiwoom.py | Kiwoom-trdata_slot-0184 I DEBUG    > 계좌평가잔고내역요청 싱글데이터 : 000000000000000 - 000000000000000 - 000000000.00
[2020-09-03 22:31:21,949] I kiwoom.py | Kiwoom-trdata_slot-0232 I DEBUG    > sPreNext : 
[2020-09-03 22:31:26,995] I kiwoom.py | Kiwoom-msg_slot-0812 I DEBUG    > 스크린: , 요청이름: , tr코드:  ---  조회가 완료되었습니다.
[2020-09-03 22:31:40,332] I kiwoom.py | Kiwoom-__init__-0017 I DEBUG    > Kiwoom() class start
[2020-09-03 22:31:43,690] I kiwoom.py | Kiwoom-login_slot-0099 I DEBUG    > 정상처리
[2020-09-03 22:31:43,690] I kiwoom.py | Kiwoom-get_account_info-0111 I DEBUG    > 계좌번호 : 8143589511
[2020-09-03 22:31:43,737] I kiwoom.py | Kiwoom-msg_slot-0813 I DEBUG    > 스크린: 2000, 요청이름: 예수금상세현황요청, tr코드: opw00001 --- [00Z310] 모의투자 조회가 완료되었습니다
[2020-09-03 22:31:43,737] I kiwoom.py | Kiwoom-trdata_slot-0166 I DEBUG    > 예수금 : 10000000
[2020-09-03 22:31:43,831] I kiwoom.py | Kiwoom-msg_slot-0813 I DEBUG    > 스크린: 2000, 요청이름: 계좌평가잔고내역요청, tr코드: opw00018 --- [00Z310] 모의투자 조회가 완료되었습니다
[2020-09-03 22:31:43,831] I kiwoom.py | Kiwoom-trdata_slot-0185 I DEBUG    > 계좌평가잔고내역요청 싱글데이터 : 000000000000000 - 000000000000000 - 000000000.00
[2020-09-03 22:31:43,831] I kiwoom.py | Kiwoom-trdata_slot-0233 I DEBUG    > sPreNext : 
[2020-09-03 22:31:48,877] I kiwoom.py | Kiwoom-msg_slot-0813 I DEBUG    > 스크린: , 요청이름: , tr코드:  ---  조회가 완료되었습니다.
