[2020-09-02 20:52:50,690] I kiwoom.py | Kiwoom-__init__-0017 I DEBUG    > Kiwoom() class start.
[2020-09-02 20:53:23,477] I kiwoom.py | Kiwoom-login_slot-0116 I DEBUG    > 정상처리
[2020-09-02 20:53:23,477] I kiwoom.py | Kiwoom-get_account_info-0127 I DEBUG    > 계좌번호 : 8143589511
[2020-09-02 20:53:23,514] I kiwoom.py | Kiwoom-msg_slot-0799 I DEBUG    > 스크린: 2000, 요청이름: 예수금상세현황요청, tr코드: opw00001 --- [00Z310] 모의투자 조회가 완료되었습니다
[2020-09-02 20:53:23,519] I kiwoom.py | Kiwoom-trdata_slot-0172 I DEBUG    > 예수금 : 10000000
[2020-09-02 20:53:23,945] I kiwoom.py | Kiwoom-msg_slot-0799 I DEBUG    > 스크린: 2000, 요청이름: 계좌평가잔고내역요청, tr코드: opw00018 --- [00Z310] 모의투자 조회가 완료되었습니다
[2020-09-02 20:53:23,946] I kiwoom.py | Kiwoom-trdata_slot-0187 I DEBUG    > 계좌평가잔고내역요청 싱글데이터 : 000000000000000 - 000000000000000 - 000000000.00
[2020-09-02 20:53:23,947] I kiwoom.py | Kiwoom-trdata_slot-0227 I DEBUG    > sPreNext : 
[2020-09-02 20:53:29,002] I kiwoom.py | Kiwoom-msg_slot-0799 I DEBUG    > 스크린: , 요청이름: , tr코드:  ---  조회가 완료되었습니다.
[2020-09-02 20:54:19,331] I kiwoom.py | Kiwoom-__init__-0017 I DEBUG    > Kiwoom() class start.
[2020-09-02 20:54:22,766] I kiwoom.py | Kiwoom-login_slot-0105 I DEBUG    > 정상처리
[2020-09-02 20:54:22,766] I kiwoom.py | Kiwoom-get_account_info-0116 I DEBUG    > 계좌번호 : 8143589511
[2020-09-02 20:54:22,796] I kiwoom.py | Kiwoom-msg_slot-0788 I DEBUG    > 스크린: 2000, 요청이름: 예수금상세현황요청, tr코드: opw00001 --- [00Z310] 모의투자 조회가 완료되었습니다
[2020-09-02 20:54:22,798] I kiwoom.py | Kiwoom-trdata_slot-0161 I DEBUG    > 예수금 : 10000000
[2020-09-02 20:54:22,889] I kiwoom.py | Kiwoom-msg_slot-0788 I DEBUG    > 스크린: 2000, 요청이름: 계좌평가잔고내역요청, tr코드: opw00018 --- [00Z310] 모의투자 조회가 완료되었습니다
[2020-09-02 20:54:22,892] I kiwoom.py | Kiwoom-trdata_slot-0176 I DEBUG    > 계좌평가잔고내역요청 싱글데이터 : 000000000000000 - 000000000000000 - 000000000.00
[2020-09-02 20:54:22,892] I kiwoom.py | Kiwoom-trdata_slot-0216 I DEBUG    > sPreNext : 
[2020-09-02 20:54:27,924] I kiwoom.py | Kiwoom-msg_slot-0788 I DEBUG    > 스크린: , 요청이름: , tr코드:  ---  조회가 완료되었습니다.
[2020-09-02 20:56:09,025] I kiwoom.py | Kiwoom-__init__-0017 I DEBUG    > Kiwoom() class start.
[2020-09-02 20:56:12,406] I kiwoom.py | Kiwoom-login_slot-0105 I DEBUG    > 정상처리
[2020-09-02 20:56:12,406] I kiwoom.py | Kiwoom-get_account_info-0116 I DEBUG    > 계좌번호 : 8143589511
[2020-09-02 20:56:12,437] I kiwoom.py | Kiwoom-msg_slot-0788 I DEBUG    > 스크린: 2000, 요청이름: 예수금상세현황요청, tr코드: opw00001 --- [00Z310] 모의투자 조회가 완료되었습니다
[2020-09-02 20:56:12,438] I kiwoom.py | Kiwoom-trdata_slot-0161 I DEBUG    > 예수금 : 10000000
[2020-09-02 20:56:12,532] I kiwoom.py | Kiwoom-msg_slot-0788 I DEBUG    > 스크린: 2000, 요청이름: 계좌평가잔고내역요청, tr코드: opw00018 --- [00Z310] 모의투자 조회가 완료되었습니다
[2020-09-02 20:56:12,535] I kiwoom.py | Kiwoom-trdata_slot-0176 I DEBUG    > 계좌평가잔고내역요청 싱글데이터 : 000000000000000 - 000000000000000 - 000000000.00
[2020-09-02 20:56:12,536] I kiwoom.py | Kiwoom-trdata_slot-0216 I DEBUG    > sPreNext : 
[2020-09-02 20:56:17,573] I kiwoom.py | Kiwoom-msg_slot-0788 I DEBUG    > 스크린: , 요청이름: , tr코드:  ---  조회가 완료되었습니다.
[2020-09-02 20:56:39,866] I kiwoom.py | Kiwoom-__init__-0017 I DEBUG    > Kiwoom() class start.
[2020-09-02 20:56:43,313] I kiwoom.py | Kiwoom-login_slot-0105 I DEBUG    > 정상처리
[2020-09-02 20:56:43,313] I kiwoom.py | Kiwoom-get_account_info-0116 I DEBUG    > 계좌번호 : 8143589511
[2020-09-02 20:56:43,351] I kiwoom.py | Kiwoom-msg_slot-0788 I DEBUG    > 스크린: 2000, 요청이름: 예수금상세현황요청, tr코드: opw00001 --- [00Z310] 모의투자 조회가 완료되었습니다
[2020-09-02 20:56:43,354] I kiwoom.py | Kiwoom-trdata_slot-0161 I DEBUG    > 예수금 : 10000000
[2020-09-02 20:56:43,443] I kiwoom.py | Kiwoom-msg_slot-0788 I DEBUG    > 스크린: 2000, 요청이름: 계좌평가잔고내역요청, tr코드: opw00018 --- [00Z310] 모의투자 조회가 완료되었습니다
[2020-09-02 20:56:43,444] I kiwoom.py | Kiwoom-trdata_slot-0176 I DEBUG    > 계좌평가잔고내역요청 싱글데이터 : 000000000000000 - 000000000000000 - 000000000.00
[2020-09-02 20:56:43,444] I kiwoom.py | Kiwoom-trdata_slot-0216 I DEBUG    > sPreNext : 
[2020-09-02 20:57:16,555] I kiwoom.py | Kiwoom-__init__-0017 I DEBUG    > Kiwoom() class start.
[2020-09-02 20:57:19,945] I kiwoom.py | Kiwoom-login_slot-0105 I DEBUG    > 정상처리
[2020-09-02 20:57:19,945] I kiwoom.py | Kiwoom-get_account_info-0116 I DEBUG    > 계좌번호 : 8143589511
[2020-09-02 20:57:19,981] I kiwoom.py | Kiwoom-msg_slot-0788 I DEBUG    > 스크린: 2000, 요청이름: 예수금상세현황요청, tr코드: opw00001 --- [00Z310] 모의투자 조회가 완료되었습니다
[2020-09-02 20:57:19,982] I kiwoom.py | Kiwoom-trdata_slot-0161 I DEBUG    > 예수금 : 10000000
[2020-09-02 20:57:20,076] I kiwoom.py | Kiwoom-msg_slot-0788 I DEBUG    > 스크린: 2000, 요청이름: 계좌평가잔고내역요청, tr코드: opw00018 --- [00Z310] 모의투자 조회가 완료되었습니다
[2020-09-02 20:57:20,077] I kiwoom.py | Kiwoom-trdata_slot-0176 I DEBUG    > 계좌평가잔고내역요청 싱글데이터 : 000000000000000 - 000000000000000 - 000000000.00
[2020-09-02 20:57:20,079] I kiwoom.py | Kiwoom-trdata_slot-0216 I DEBUG    > sPreNext : 
[2020-09-02 20:57:25,115] I kiwoom.py | Kiwoom-msg_slot-0788 I DEBUG    > 스크린: , 요청이름: , tr코드:  ---  조회가 완료되었습니다.
[2020-09-02 20:59:06,863] I kiwoom.py | Kiwoom-__init__-0017 I DEBUG    > Kiwoom() class start.
[2020-09-02 20:59:10,294] I kiwoom.py | Kiwoom-login_slot-0105 I DEBUG    > 정상처리
[2020-09-02 20:59:10,294] I kiwoom.py | Kiwoom-get_account_info-0116 I DEBUG    > 계좌번호 : 8143589511
[2020-09-02 20:59:10,331] I kiwoom.py | Kiwoom-msg_slot-0788 I DEBUG    > 스크린: 2000, 요청이름: 예수금상세현황요청, tr코드: opw00001 --- [00Z310] 모의투자 조회가 완료되었습니다
[2020-09-02 20:59:10,332] I kiwoom.py | Kiwoom-trdata_slot-0161 I DEBUG    > 예수금 : 10000000
[2020-09-02 20:59:10,472] I kiwoom.py | Kiwoom-msg_slot-0788 I DEBUG    > 스크린: 2000, 요청이름: 계좌평가잔고내역요청, tr코드: opw00018 --- [00Z310] 모의투자 조회가 완료되었습니다
[2020-09-02 20:59:10,474] I kiwoom.py | Kiwoom-trdata_slot-0176 I DEBUG    > 계좌평가잔고내역요청 싱글데이터 : 000000000000000 - 000000000000000 - 000000000.00
[2020-09-02 20:59:10,475] I kiwoom.py | Kiwoom-trdata_slot-0216 I DEBUG    > sPreNext : 
[2020-09-02 20:59:15,528] I kiwoom.py | Kiwoom-msg_slot-0788 I DEBUG    > 스크린: , 요청이름: , tr코드:  ---  조회가 완료되었습니다.
[2020-09-02 21:32:11,547] I kiwoom.py | Kiwoom-__init__-0017 I DEBUG    > Kiwoom() class start.
[2020-09-02 21:32:14,938] I kiwoom.py | Kiwoom-login_slot-0103 I DEBUG    > 정상처리
[2020-09-02 21:32:14,938] I kiwoom.py | Kiwoom-get_account_info-0114 I DEBUG    > 계좌번호 : 8143589511
[2020-09-02 21:32:14,969] I kiwoom.py | Kiwoom-msg_slot-0765 I DEBUG    > 스크린: 2000, 요청이름: 예수금상세현황요청, tr코드: opw00001 --- [00Z310] 모의투자 조회가 완료되었습니다
[2020-09-02 21:32:14,970] I kiwoom.py | Kiwoom-trdata_slot-0159 I DEBUG    > 예수금 : 10000000
[2020-09-02 21:32:15,063] I kiwoom.py | Kiwoom-msg_slot-0765 I DEBUG    > 스크린: 2000, 요청이름: 계좌평가잔고내역요청, tr코드: opw00018 --- [00Z310] 모의투자 조회가 완료되었습니다
[2020-09-02 21:32:15,064] I kiwoom.py | Kiwoom-trdata_slot-0174 I DEBUG    > 계좌평가잔고내역요청 싱글데이터 : 000000000000000 - 000000000000000 - 000000000.00
[2020-09-02 21:32:15,064] I kiwoom.py | Kiwoom-trdata_slot-0213 I DEBUG    > sPreNext : 
[2020-09-02 21:32:20,089] I kiwoom.py | Kiwoom-msg_slot-0765 I DEBUG    > 스크린: , 요청이름: , tr코드:  ---  조회가 완료되었습니다.
[2020-09-02 21:35:30,434] I kiwoom.py | Kiwoom-__init__-0017 I DEBUG    > Kiwoom() class start.
[2020-09-02 21:35:34,760] I kiwoom.py | Kiwoom-login_slot-0103 I DEBUG    > 정상처리
[2020-09-02 21:35:34,761] I kiwoom.py | Kiwoom-get_account_info-0114 I DEBUG    > 계좌번호 : 8143589511
[2020-09-02 21:35:34,791] I kiwoom.py | Kiwoom-msg_slot-0767 I DEBUG    > 스크린: 2000, 요청이름: 예수금상세현황요청, tr코드: opw00001 --- [00Z310] 모의투자 조회가 완료되었습니다
[2020-09-02 21:35:34,794] I kiwoom.py | Kiwoom-trdata_slot-0159 I DEBUG    > 예수금 : 10000000
[2020-09-02 21:35:34,883] I kiwoom.py | Kiwoom-msg_slot-0767 I DEBUG    > 스크린: 2000, 요청이름: 계좌평가잔고내역요청, tr코드: opw00018 --- [00Z310] 모의투자 조회가 완료되었습니다
[2020-09-02 21:35:34,884] I kiwoom.py | Kiwoom-trdata_slot-0174 I DEBUG    > 계좌평가잔고내역요청 싱글데이터 : 000000000000000 - 000000000000000 - 000000000.00
[2020-09-02 21:35:34,884] I kiwoom.py | Kiwoom-trdata_slot-0213 I DEBUG    > sPreNext : 
[2020-09-02 21:35:39,927] I kiwoom.py | Kiwoom-msg_slot-0767 I DEBUG    > 스크린: , 요청이름: , tr코드:  ---  조회가 완료되었습니다.
[2020-09-02 21:37:05,203] I kiwoom.py | Kiwoom-__init__-0017 I DEBUG    > Kiwoom() class start.
[2020-09-02 21:37:08,920] I kiwoom.py | Kiwoom-login_slot-0104 I DEBUG    > 정상처리
[2020-09-02 21:37:08,920] I kiwoom.py | Kiwoom-get_account_info-0115 I DEBUG    > 계좌번호 : 8143589511
[2020-09-02 21:37:08,950] I kiwoom.py | Kiwoom-msg_slot-0766 I DEBUG    > 스크린: 2000, 요청이름: 예수금상세현황요청, tr코드: opw00001 --- [00Z310] 모의투자 조회가 완료되었습니다
[2020-09-02 21:37:08,951] I kiwoom.py | Kiwoom-trdata_slot-0160 I DEBUG    > 예수금 : 10000000
[2020-09-02 21:37:09,044] I kiwoom.py | Kiwoom-msg_slot-0766 I DEBUG    > 스크린: 2000, 요청이름: 계좌평가잔고내역요청, tr코드: opw00018 --- [00Z310] 모의투자 조회가 완료되었습니다
[2020-09-02 21:37:09,045] I kiwoom.py | Kiwoom-trdata_slot-0175 I DEBUG    > 계좌평가잔고내역요청 싱글데이터 : 000000000000000 - 000000000000000 - 000000000.00
[2020-09-02 21:37:09,046] I kiwoom.py | Kiwoom-trdata_slot-0214 I DEBUG    > sPreNext : 
[2020-09-02 21:37:14,097] I kiwoom.py | Kiwoom-msg_slot-0766 I DEBUG    > 스크린: , 요청이름: , tr코드:  ---  조회가 완료되었습니다.
[2020-09-02 22:06:22,669] I kiwoom.py | Kiwoom-__init__-0017 I DEBUG    > Kiwoom() class start.
[2020-09-02 22:06:26,394] I kiwoom.py | Kiwoom-login_slot-0099 I DEBUG    > 정상처리
[2020-09-02 22:06:26,395] I kiwoom.py | Kiwoom-get_account_info-0110 I DEBUG    > 계좌번호 : 8143589511
[2020-09-02 22:06:26,457] I kiwoom.py | Kiwoom-msg_slot-0805 I DEBUG    > 스크린: 2000, 요청이름: 예수금상세현황요청, tr코드: opw00001 --- [00Z310] 모의투자 조회가 완료되었습니다
[2020-09-02 22:06:26,458] I kiwoom.py | Kiwoom-trdata_slot-0159 I DEBUG    > 예수금 : 10000000
[2020-09-02 22:06:26,535] I kiwoom.py | Kiwoom-msg_slot-0805 I DEBUG    > 스크린: 2000, 요청이름: 계좌평가잔고내역요청, tr코드: opw00018 --- [00Z310] 모의투자 조회가 완료되었습니다
[2020-09-02 22:06:26,536] I kiwoom.py | Kiwoom-trdata_slot-0178 I DEBUG    > 계좌평가잔고내역요청 싱글데이터 : 000000000000000 - 000000000000000 - 000000000.00
[2020-09-02 22:06:26,536] I kiwoom.py | Kiwoom-trdata_slot-0226 I DEBUG    > sPreNext : 
[2020-09-02 22:06:31,572] I kiwoom.py | Kiwoom-msg_slot-0805 I DEBUG    > 스크린: , 요청이름: , tr코드:  ---  조회가 완료되었습니다.
[2020-09-02 22:11:35,172] I kiwoom.py | Kiwoom-__init__-0017 I DEBUG    > Kiwoom() class start.
[2020-09-02 22:11:38,949] I kiwoom.py | Kiwoom-login_slot-0099 I DEBUG    > 정상처리
[2020-09-02 22:11:38,949] I kiwoom.py | Kiwoom-get_account_info-0110 I DEBUG    > 계좌번호 : 8143589511
[2020-09-02 22:11:38,997] I kiwoom.py | Kiwoom-msg_slot-0807 I DEBUG    > 스크린: 2000, 요청이름: 예수금상세현황요청, tr코드: opw00001 --- [00Z310] 모의투자 조회가 완료되었습니다
[2020-09-02 22:11:39,000] I kiwoom.py | Kiwoom-trdata_slot-0159 I DEBUG    > 예수금 : 10000000
[2020-09-02 22:11:39,092] I kiwoom.py | Kiwoom-msg_slot-0807 I DEBUG    > 스크린: 2000, 요청이름: 계좌평가잔고내역요청, tr코드: opw00018 --- [00Z310] 모의투자 조회가 완료되었습니다
[2020-09-02 22:11:39,093] I kiwoom.py | Kiwoom-trdata_slot-0178 I DEBUG    > 계좌평가잔고내역요청 싱글데이터 : 000000000000000 - 000000000000000 - 000000000.00
[2020-09-02 22:11:39,093] I kiwoom.py | Kiwoom-trdata_slot-0226 I DEBUG    > sPreNext : 
[2020-09-02 22:11:44,142] I kiwoom.py | Kiwoom-msg_slot-0807 I DEBUG    > 스크린: , 요청이름: , tr코드:  ---  조회가 완료되었습니다.
[2020-09-02 22:13:13,497] I kiwoom.py | Kiwoom-__init__-0017 I DEBUG    > Kiwoom() class start.
[2020-09-02 22:13:16,859] I kiwoom.py | Kiwoom-login_slot-0100 I DEBUG    > 정상처리
[2020-09-02 22:13:16,860] I kiwoom.py | Kiwoom-get_account_info-0111 I DEBUG    > 계좌번호 : 8143589511
[2020-09-02 22:13:16,889] I kiwoom.py | Kiwoom-msg_slot-0808 I DEBUG    > 스크린: 2000, 요청이름: 예수금상세현황요청, tr코드: opw00001 --- [00Z310] 모의투자 조회가 완료되었습니다
[2020-09-02 22:13:16,890] I kiwoom.py | Kiwoom-trdata_slot-0160 I DEBUG    > 예수금 : 10000000
[2020-09-02 22:13:16,982] I kiwoom.py | Kiwoom-msg_slot-0808 I DEBUG    > 스크린: 2000, 요청이름: 계좌평가잔고내역요청, tr코드: opw00018 --- [00Z310] 모의투자 조회가 완료되었습니다
[2020-09-02 22:13:16,983] I kiwoom.py | Kiwoom-trdata_slot-0179 I DEBUG    > 계좌평가잔고내역요청 싱글데이터 : 000000000000000 - 000000000000000 - 000000000.00
[2020-09-02 22:13:16,983] I kiwoom.py | Kiwoom-trdata_slot-0227 I DEBUG    > sPreNext : 
[2020-09-02 22:13:22,010] I kiwoom.py | Kiwoom-msg_slot-0808 I DEBUG    > 스크린: , 요청이름: , tr코드:  ---  조회가 완료되었습니다.
[2020-09-02 22:13:54,470] I kiwoom.py | Kiwoom-__init__-0017 I DEBUG    > Kiwoom() class start.
[2020-09-02 22:13:57,900] I kiwoom.py | Kiwoom-login_slot-0102 I DEBUG    > 정상처리
[2020-09-02 22:13:57,900] I kiwoom.py | Kiwoom-get_account_info-0113 I DEBUG    > 계좌번호 : 8143589511
[2020-09-02 22:13:57,936] I kiwoom.py | Kiwoom-msg_slot-0810 I DEBUG    > 스크린: 2000, 요청이름: 예수금상세현황요청, tr코드: opw00001 --- [00Z310] 모의투자 조회가 완료되었습니다
[2020-09-02 22:13:57,937] I kiwoom.py | Kiwoom-trdata_slot-0162 I DEBUG    > 예수금 : 10000000
[2020-09-02 22:13:58,032] I kiwoom.py | Kiwoom-msg_slot-0810 I DEBUG    > 스크린: 2000, 요청이름: 계좌평가잔고내역요청, tr코드: opw00018 --- [00Z310] 모의투자 조회가 완료되었습니다
[2020-09-02 22:13:58,033] I kiwoom.py | Kiwoom-trdata_slot-0181 I DEBUG    > 계좌평가잔고내역요청 싱글데이터 : 000000000000000 - 000000000000000 - 000000000.00
[2020-09-02 22:13:58,033] I kiwoom.py | Kiwoom-trdata_slot-0229 I DEBUG    > sPreNext : 
[2020-09-02 22:14:03,071] I kiwoom.py | Kiwoom-msg_slot-0810 I DEBUG    > 스크린: , 요청이름: , tr코드:  ---  조회가 완료되었습니다.
[2020-09-02 22:15:05,499] I kiwoom.py | Kiwoom-__init__-0017 I DEBUG    > Kiwoom() class start.
[2020-09-02 22:15:09,083] I kiwoom.py | Kiwoom-login_slot-0102 I DEBUG    > 정상처리
[2020-09-02 22:15:09,083] I kiwoom.py | Kiwoom-get_account_info-0113 I DEBUG    > 계좌번호 : 8143589511
[2020-09-02 22:15:09,117] I kiwoom.py | Kiwoom-msg_slot-0810 I DEBUG    > 스크린: 2000, 요청이름: 예수금상세현황요청, tr코드: opw00001 --- [00Z310] 모의투자 조회가 완료되었습니다
[2020-09-02 22:15:09,119] I kiwoom.py | Kiwoom-trdata_slot-0162 I DEBUG    > 예수금 : 10000000
[2020-09-02 22:15:09,212] I kiwoom.py | Kiwoom-msg_slot-0810 I DEBUG    > 스크린: 2000, 요청이름: 계좌평가잔고내역요청, tr코드: opw00018 --- [00Z310] 모의투자 조회가 완료되었습니다
[2020-09-02 22:15:09,213] I kiwoom.py | Kiwoom-trdata_slot-0181 I DEBUG    > 계좌평가잔고내역요청 싱글데이터 : 000000000000000 - 000000000000000 - 000000000.00
[2020-09-02 22:15:09,213] I kiwoom.py | Kiwoom-trdata_slot-0229 I DEBUG    > sPreNext : 
[2020-09-02 22:15:14,244] I kiwoom.py | Kiwoom-msg_slot-0810 I DEBUG    > 스크린: , 요청이름: , tr코드:  ---  조회가 완료되었습니다.
[2020-09-02 22:15:47,395] I kiwoom.py | Kiwoom-__init__-0017 I DEBUG    > Kiwoom() class start.
[2020-09-02 22:15:51,355] I kiwoom.py | Kiwoom-login_slot-0104 I DEBUG    > 정상처리
[2020-09-02 22:15:51,355] I kiwoom.py | Kiwoom-get_account_info-0115 I DEBUG    > 계좌번호 : 8143589511
[2020-09-02 22:15:51,392] I kiwoom.py | Kiwoom-msg_slot-0812 I DEBUG    > 스크린: 2000, 요청이름: 예수금상세현황요청, tr코드: opw00001 --- [00Z310] 모의투자 조회가 완료되었습니다
[2020-09-02 22:15:51,393] I kiwoom.py | Kiwoom-trdata_slot-0164 I DEBUG    > 예수금 : 10000000
[2020-09-02 22:15:51,484] I kiwoom.py | Kiwoom-msg_slot-0812 I DEBUG    > 스크린: 2000, 요청이름: 계좌평가잔고내역요청, tr코드: opw00018 --- [00Z310] 모의투자 조회가 완료되었습니다
[2020-09-02 22:15:51,485] I kiwoom.py | Kiwoom-trdata_slot-0183 I DEBUG    > 계좌평가잔고내역요청 싱글데이터 : 000000000000000 - 000000000000000 - 000000000.00
[2020-09-02 22:15:51,485] I kiwoom.py | Kiwoom-trdata_slot-0231 I DEBUG    > sPreNext : 
[2020-09-02 22:15:56,519] I kiwoom.py | Kiwoom-msg_slot-0812 I DEBUG    > 스크린: , 요청이름: , tr코드:  ---  조회가 완료되었습니다.
[2020-09-02 22:18:05,298] I kiwoom.py | Kiwoom-__init__-0017 I DEBUG    > Kiwoom() class start.
[2020-09-02 22:18:09,309] I kiwoom.py | Kiwoom-login_slot-0101 I DEBUG    > 정상처리
[2020-09-02 22:18:09,309] I kiwoom.py | Kiwoom-get_account_info-0112 I DEBUG    > 계좌번호 : 8143589511
[2020-09-02 22:18:09,349] I kiwoom.py | Kiwoom-msg_slot-0809 I DEBUG    > 스크린: 2000, 요청이름: 예수금상세현황요청, tr코드: opw00001 --- [00Z310] 모의투자 조회가 완료되었습니다
[2020-09-02 22:18:09,350] I kiwoom.py | Kiwoom-trdata_slot-0161 I DEBUG    > 예수금 : 10000000
[2020-09-02 22:18:09,444] I kiwoom.py | Kiwoom-msg_slot-0809 I DEBUG    > 스크린: 2000, 요청이름: 계좌평가잔고내역요청, tr코드: opw00018 --- [00Z310] 모의투자 조회가 완료되었습니다
[2020-09-02 22:18:09,445] I kiwoom.py | Kiwoom-trdata_slot-0180 I DEBUG    > 계좌평가잔고내역요청 싱글데이터 : 000000000000000 - 000000000000000 - 000000000.00
[2020-09-02 22:18:09,445] I kiwoom.py | Kiwoom-trdata_slot-0228 I DEBUG    > sPreNext : 
[2020-09-02 22:18:14,487] I kiwoom.py | Kiwoom-msg_slot-0809 I DEBUG    > 스크린: , 요청이름: , tr코드:  ---  조회가 완료되었습니다.
[2020-09-02 23:04:16,776] I kiwoom.py | Kiwoom-__init__-0017 I DEBUG    > Kiwoom() class start.
[2020-09-02 23:04:20,174] I kiwoom.py | Kiwoom-login_slot-0101 I DEBUG    > 정상처리
[2020-09-02 23:04:20,175] I kiwoom.py | Kiwoom-get_account_info-0112 I DEBUG    > 계좌번호 : 8143589511
[2020-09-02 23:04:20,220] I kiwoom.py | Kiwoom-msg_slot-0809 I DEBUG    > 스크린: 2000, 요청이름: 예수금상세현황요청, tr코드: opw00001 --- [00Z310] 모의투자 조회가 완료되었습니다
[2020-09-02 23:04:20,222] I kiwoom.py | Kiwoom-trdata_slot-0161 I DEBUG    > 예수금 : 10000000
[2020-09-02 23:04:20,328] I kiwoom.py | Kiwoom-msg_slot-0809 I DEBUG    > 스크린: 2000, 요청이름: 계좌평가잔고내역요청, tr코드: opw00018 --- [00Z310] 모의투자 조회가 완료되었습니다
[2020-09-02 23:04:20,329] I kiwoom.py | Kiwoom-trdata_slot-0180 I DEBUG    > 계좌평가잔고내역요청 싱글데이터 : 000000000000000 - 000000000000000 - 000000000.00
[2020-09-02 23:04:20,329] I kiwoom.py | Kiwoom-trdata_slot-0228 I DEBUG    > sPreNext : 
[2020-09-02 23:04:25,366] I kiwoom.py | Kiwoom-msg_slot-0809 I DEBUG    > 스크린: , 요청이름: , tr코드:  ---  조회가 완료되었습니다.
[2020-09-02 23:15:01,966] I kiwoom.py | Kiwoom-__init__-0017 I DEBUG    > Kiwoom() class start.
[2020-09-02 23:15:05,378] I kiwoom.py | Kiwoom-login_slot-0101 I DEBUG    > 정상처리
[2020-09-02 23:15:05,378] I kiwoom.py | Kiwoom-get_account_info-0112 I DEBUG    > 계좌번호 : 8143589511
[2020-09-02 23:15:05,411] I kiwoom.py | Kiwoom-msg_slot-0809 I DEBUG    > 스크린: 2000, 요청이름: 예수금상세현황요청, tr코드: opw00001 --- [00Z310] 모의투자 조회가 완료되었습니다
[2020-09-02 23:15:05,412] I kiwoom.py | Kiwoom-trdata_slot-0161 I DEBUG    > 예수금 : 10000000
[2020-09-02 23:15:05,506] I kiwoom.py | Kiwoom-msg_slot-0809 I DEBUG    > 스크린: 2000, 요청이름: 계좌평가잔고내역요청, tr코드: opw00018 --- [00Z310] 모의투자 조회가 완료되었습니다
[2020-09-02 23:15:05,507] I kiwoom.py | Kiwoom-trdata_slot-0180 I DEBUG    > 계좌평가잔고내역요청 싱글데이터 : 000000000000000 - 000000000000000 - 000000000.00
[2020-09-02 23:15:05,507] I kiwoom.py | Kiwoom-trdata_slot-0228 I DEBUG    > sPreNext : 
[2020-09-02 23:15:10,559] I kiwoom.py | Kiwoom-msg_slot-0809 I DEBUG    > 스크린: , 요청이름: , tr코드:  ---  조회가 완료되었습니다.
[2020-09-02 23:16:47,971] I kiwoom.py | Kiwoom-__init__-0017 I DEBUG    > Kiwoom() class start.
[2020-09-02 23:16:51,811] I kiwoom.py | Kiwoom-login_slot-0101 I DEBUG    > 정상처리
[2020-09-02 23:16:51,811] I kiwoom.py | Kiwoom-get_account_info-0112 I DEBUG    > 계좌번호 : 8143589511
[2020-09-02 23:16:51,845] I kiwoom.py | Kiwoom-msg_slot-0814 I DEBUG    > 스크린: 2000, 요청이름: 예수금상세현황요청, tr코드: opw00001 --- [00Z310] 모의투자 조회가 완료되었습니다
[2020-09-02 23:16:51,846] I kiwoom.py | Kiwoom-trdata_slot-0167 I DEBUG    > 예수금 : 10000000
[2020-09-02 23:16:51,940] I kiwoom.py | Kiwoom-msg_slot-0814 I DEBUG    > 스크린: 2000, 요청이름: 계좌평가잔고내역요청, tr코드: opw00018 --- [00Z310] 모의투자 조회가 완료되었습니다
[2020-09-02 23:16:51,941] I kiwoom.py | Kiwoom-trdata_slot-0186 I DEBUG    > 계좌평가잔고내역요청 싱글데이터 : 000000000000000 - 000000000000000 - 000000000.00
[2020-09-02 23:16:51,941] I kiwoom.py | Kiwoom-trdata_slot-0234 I DEBUG    > sPreNext : 
[2020-09-02 23:16:56,999] I kiwoom.py | Kiwoom-msg_slot-0814 I DEBUG    > 스크린: , 요청이름: , tr코드:  ---  조회가 완료되었습니다.
[2020-09-02 23:19:37,427] I kiwoom.py | Kiwoom-__init__-0017 I DEBUG    > Kiwoom() class start.
[2020-09-02 23:19:41,071] I kiwoom.py | Kiwoom-login_slot-0101 I DEBUG    > 정상처리
[2020-09-02 23:19:41,071] I kiwoom.py | Kiwoom-get_account_info-0113 I DEBUG    > 계좌번호 : 8143589511
[2020-09-02 23:19:41,112] I kiwoom.py | Kiwoom-msg_slot-0815 I DEBUG    > 스크린: 2000, 요청이름: 예수금상세현황요청, tr코드: opw00001 --- [00Z310] 모의투자 조회가 완료되었습니다
[2020-09-02 23:19:41,115] I kiwoom.py | Kiwoom-trdata_slot-0168 I DEBUG    > 예수금 : 10000000
[2020-09-02 23:19:41,205] I kiwoom.py | Kiwoom-msg_slot-0815 I DEBUG    > 스크린: 2000, 요청이름: 계좌평가잔고내역요청, tr코드: opw00018 --- [00Z310] 모의투자 조회가 완료되었습니다
[2020-09-02 23:19:41,208] I kiwoom.py | Kiwoom-trdata_slot-0187 I DEBUG    > 계좌평가잔고내역요청 싱글데이터 : 000000000000000 - 000000000000000 - 000000000.00
[2020-09-02 23:19:41,208] I kiwoom.py | Kiwoom-trdata_slot-0235 I DEBUG    > sPreNext : 
[2020-09-02 23:19:46,293] I kiwoom.py | Kiwoom-msg_slot-0815 I DEBUG    > 스크린: , 요청이름: , tr코드:  ---  조회가 완료되었습니다.
[2020-09-02 23:20:32,146] I kiwoom.py | Kiwoom-__init__-0017 I DEBUG    > Kiwoom() class start.
[2020-09-02 23:20:35,989] I kiwoom.py | Kiwoom-login_slot-0101 I DEBUG    > 정상처리
[2020-09-02 23:20:35,990] I kiwoom.py | Kiwoom-get_account_info-0113 I DEBUG    > 계좌번호 : 8143589511
[2020-09-02 23:20:36,024] I kiwoom.py | Kiwoom-msg_slot-0815 I DEBUG    > 스크린: 2000, 요청이름: 예수금상세현황요청, tr코드: opw00001 --- [00Z310] 모의투자 조회가 완료되었습니다
[2020-09-02 23:20:36,026] I kiwoom.py | Kiwoom-trdata_slot-0168 I DEBUG    > 예수금 : 10000000
[2020-09-02 23:20:36,118] I kiwoom.py | Kiwoom-msg_slot-0815 I DEBUG    > 스크린: 2000, 요청이름: 계좌평가잔고내역요청, tr코드: opw00018 --- [00Z310] 모의투자 조회가 완료되었습니다
[2020-09-02 23:20:36,119] I kiwoom.py | Kiwoom-trdata_slot-0187 I DEBUG    > 계좌평가잔고내역요청 싱글데이터 : 000000000000000 - 000000000000000 - 000000000.00
[2020-09-02 23:20:36,119] I kiwoom.py | Kiwoom-trdata_slot-0235 I DEBUG    > sPreNext : 
[2020-09-02 23:20:41,158] I kiwoom.py | Kiwoom-msg_slot-0815 I DEBUG    > 스크린: , 요청이름: , tr코드:  ---  조회가 완료되었습니다.
[2020-09-02 23:21:40,222] I kiwoom.py | Kiwoom-__init__-0017 I DEBUG    > Kiwoom() class start.
[2020-09-02 23:21:44,181] I kiwoom.py | Kiwoom-login_slot-0101 I DEBUG    > 정상처리
[2020-09-02 23:21:44,181] I kiwoom.py | Kiwoom-get_account_info-0113 I DEBUG    > 계좌번호 : 8143589511
[2020-09-02 23:21:44,214] I kiwoom.py | Kiwoom-msg_slot-0815 I DEBUG    > 스크린: 2000, 요청이름: 예수금상세현황요청, tr코드: opw00001 --- [00Z310] 모의투자 조회가 완료되었습니다
[2020-09-02 23:21:44,217] I kiwoom.py | Kiwoom-trdata_slot-0168 I DEBUG    > 예수금 : 10000000
[2020-09-02 23:21:44,310] I kiwoom.py | Kiwoom-msg_slot-0815 I DEBUG    > 스크린: 2000, 요청이름: 계좌평가잔고내역요청, tr코드: opw00018 --- [00Z310] 모의투자 조회가 완료되었습니다
[2020-09-02 23:21:44,311] I kiwoom.py | Kiwoom-trdata_slot-0187 I DEBUG    > 계좌평가잔고내역요청 싱글데이터 : 000000000000000 - 000000000000000 - 000000000.00
[2020-09-02 23:21:44,311] I kiwoom.py | Kiwoom-trdata_slot-0235 I DEBUG    > sPreNext : 
[2020-09-02 23:21:49,366] I kiwoom.py | Kiwoom-msg_slot-0815 I DEBUG    > 스크린: , 요청이름: , tr코드:  ---  조회가 완료되었습니다.
[2020-09-02 23:22:19,048] I kiwoom.py | Kiwoom-__init__-0017 I DEBUG    > Kiwoom() class start.
[2020-09-02 23:22:23,056] I kiwoom.py | Kiwoom-login_slot-0101 I DEBUG    > 정상처리
[2020-09-02 23:22:23,056] I kiwoom.py | Kiwoom-get_account_info-0113 I DEBUG    > 계좌번호 : 8143589511
[2020-09-02 23:22:23,090] I kiwoom.py | Kiwoom-msg_slot-0815 I DEBUG    > 스크린: 2000, 요청이름: 예수금상세현황요청, tr코드: opw00001 --- [00Z310] 모의투자 조회가 완료되었습니다
[2020-09-02 23:22:23,093] I kiwoom.py | Kiwoom-trdata_slot-0168 I DEBUG    > 예수금 : 10000000
[2020-09-02 23:22:23,183] I kiwoom.py | Kiwoom-msg_slot-0815 I DEBUG    > 스크린: 2000, 요청이름: 계좌평가잔고내역요청, tr코드: opw00018 --- [00Z310] 모의투자 조회가 완료되었습니다
[2020-09-02 23:22:23,184] I kiwoom.py | Kiwoom-trdata_slot-0187 I DEBUG    > 계좌평가잔고내역요청 싱글데이터 : 000000000000000 - 000000000000000 - 000000000.00
[2020-09-02 23:22:23,184] I kiwoom.py | Kiwoom-trdata_slot-0235 I DEBUG    > sPreNext : 
[2020-09-02 23:22:28,252] I kiwoom.py | Kiwoom-msg_slot-0815 I DEBUG    > 스크린: , 요청이름: , tr코드:  ---  조회가 완료되었습니다.
